<?xml version="1.0" encoding="UTF-8"?>
<!-- Generated by org.testng.reporters.JUnitReportReporter -->
<testsuite hostname="DESKTOP-PNKIU06" failures="0" tests="1" name="seleniumLocators.Alerts" time="7.853" errors="0" timestamp="2024-04-21T17:14:05 IST" skipped="0">
  <testcase classname="seleniumLocators.Alerts" name="alertDemo" time="7.853"/>
  <system-out/>
</testsuite> <!-- seleniumLocators.Alerts -->
