<?xml version="1.0" encoding="UTF-8"?>
<!-- Generated by org.testng.reporters.JUnitReportReporter -->
<testsuite hostname="DESKTOP-PNKIU06" failures="0" tests="1" name="seleniumLocators.ActionsClass" time="7.559" errors="0" timestamp="2024-04-21T17:32:41 IST" skipped="0">
  <testcase classname="seleniumLocators.ActionsClass" name="alertDemo" time="7.559"/>
  <system-out/>
</testsuite> <!-- seleniumLocators.ActionsClass -->
