<?xml version="1.0" encoding="UTF-8"?>
<!-- Generated by org.testng.reporters.JUnitReportReporter -->
<testsuite hostname="DESKTOP-PNKIU06" failures="0" tests="1" name="seleniumLocators.WindowHandle" time="7.657" errors="0" timestamp="2024-04-21T17:41:50 IST" skipped="0">
  <testcase classname="seleniumLocators.WindowHandle" name="alertDemo" time="7.657"/>
  <system-out/>
</testsuite> <!-- seleniumLocators.WindowHandle -->
