<?xml version="1.0" encoding="UTF-8"?>
<!-- Generated by org.testng.reporters.JUnitReportReporter -->
<testsuite hostname="DESKTOP-PNKIU06" failures="0" tests="2" name="testNG.DisableEnablemodule1" time="0.017" errors="0" timestamp="2024-05-08T20:10:12 IST" skipped="1">
  <testcase classname="testNG.DisableEnablemodule1" name="test2" time="0.017"/>
  <system-out/>
  <testcase classname="testNG.DisableEnablemodule1" name="test1">
    <skipped/>
  </testcase> <!-- test1 -->
  <system-out/>
</testsuite> <!-- testNG.DisableEnablemodule1 -->
