<?xml version="1.0" encoding="UTF-8"?>
<!-- Generated by org.testng.reporters.JUnitReportReporter -->
<testsuite hostname="DESKTOP-PNKIU06" failures="0" tests="1" name="testNG.ExcludeInclude" time="0.005" errors="0" timestamp="2024-05-08T20:10:12 IST" skipped="0">
  <testcase classname="testNG.ExcludeInclude" name="test3" time="0.005"/>
  <system-out/>
</testsuite> <!-- testNG.ExcludeInclude -->
