<?xml version="1.0" encoding="UTF-8"?>
<!-- Generated by org.testng.reporters.JUnitReportReporter -->
<testsuite hostname="DESKTOP-PNKIU06" failures="0" tests="2" name="testNG.DisableEnablemodule2" time="0.013" errors="0" timestamp="2024-05-08T20:10:12 IST" skipped="0">
  <testcase classname="testNG.DisableEnablemodule2" name="WebLoginCarLoan" time="0.010"/>
  <system-out/>
  <testcase classname="testNG.DisableEnablemodule2" name="APILoginCarLoan" time="0.003"/>
  <system-out/>
</testsuite> <!-- testNG.DisableEnablemodule2 -->
