<?xml version="1.0" encoding="UTF-8"?>
<!-- Generated by org.testng.reporters.JUnitReportReporter -->
<testsuite hostname="DESKTOP-PNKIU06" failures="0" tests="1" name="seleniumLocators.WebTableScroll$webTableScrollMethod" time="8.171" errors="0" timestamp="2024-04-24T10:45:44 IST" skipped="0">
  <testcase classname="seleniumLocators.WebTableScroll$webTableScrollMethod" name="alertDemo" time="8.171"/>
  <system-out/>
</testsuite> <!-- seleniumLocators.WebTableScroll$webTableScrollMethod -->
