<?xml version="1.0" encoding="UTF-8"?>
<!-- Generated by org.testng.reporters.JUnitReportReporter -->
<testsuite hostname="DESKTOP-PNKIU06" failures="0" tests="1" name="seleniumLocators.NavigationandGet" time="12.486" errors="0" timestamp="2024-04-21T13:04:52 IST" skipped="0">
  <testcase classname="seleniumLocators.NavigationandGet" name="allLocators" time="12.486"/>
  <system-out/>
</testsuite> <!-- seleniumLocators.NavigationandGet -->
