<?xml version="1.0" encoding="UTF-8"?>
<!-- Generated by org.testng.reporters.JUnitReportReporter -->
<testsuite hostname="DESKTOP-PNKIU06" failures="0" tests="1" name="seleniumLocators.TakeScreenShot" time="6.702" errors="0" timestamp="2024-04-24T10:19:27 IST" skipped="0">
  <testcase classname="seleniumLocators.TakeScreenShot" name="alertDemo" time="6.702"/>
  <system-out/>
</testsuite> <!-- seleniumLocators.TakeScreenShot -->
