<?xml version="1.0" encoding="UTF-8"?>
<!-- Generated by org.testng.reporters.JUnitReportReporter -->
<testsuite hostname="DESKTOP-PNKIU06" failures="0" tests="1" name="seleniumLocators.FindElementsandFindElement" time="7.120" errors="0" timestamp="2024-04-21T13:16:01 IST" skipped="0">
  <testcase classname="seleniumLocators.FindElementsandFindElement" name="findElementandFindElementsMethods" time="7.120"/>
  <system-out/>
</testsuite> <!-- seleniumLocators.FindElementsandFindElement -->
