<?xml version="1.0" encoding="UTF-8"?>
<!-- Generated by org.testng.reporters.JUnitReportReporter -->
<testsuite hostname="DESKTOP-PNKIU06" failures="0" tests="1" name="seleniumLocators.StaticDropdown" time="7.494" errors="0" timestamp="2024-04-21T12:58:49 IST" skipped="0">
  <testcase classname="seleniumLocators.StaticDropdown" name="allLocators" time="7.494"/>
  <system-out/>
</testsuite> <!-- seleniumLocators.StaticDropdown -->
